<?xml version="1.0" encoding="UTF-8"?>
<testng-results skipped="0" failed="0" ignored="0" total="1" passed="1">
  <reporter-output>
  </reporter-output>
  <suite name="Surefire suite" duration-ms="58" started-at="2020-12-18T09:08:50 PST" finished-at="2020-12-18T09:08:50 PST">
    <groups>
    </groups>
    <test name="Surefire test" duration-ms="58" started-at="2020-12-18T09:08:50 PST" finished-at="2020-12-18T09:08:50 PST">
      <class name="TestDemo">
        <test-method status="PASS" signature="testPrint()[pri:0, instance:TestDemo@5025a98f]" name="testPrint" duration-ms="7" started-at="2020-12-18T09:08:50 PST" finished-at="2020-12-18T09:08:50 PST">
          <reporter-output>
          </reporter-output>
        </test-method> <!-- testPrint -->
      </class> <!-- TestDemo -->
    </test> <!-- Surefire test -->
  </suite> <!-- Surefire suite -->
</testng-results>
